Deployed dataset google_chromium
Loading dataset ...
X_train.shape (9454, 50, 200)
y_train.shape (9454, 781)
X_test.shape (9230, 50, 200)
y_test.shape (9230, 781)
classes: 781
After merge
X_train.shape (18684, 50, 200, 1)
y_train.shape (18684, 781)
validation_split = 0.1
deepbug_model_cnn start..
input_shape: (50, 200, 1)
num_output: 781
model summary:
_________________________________________________________________
Layer (type)                 Output Shape              Param #   
=================================================================
input_1 (InputLayer)         (None, 50, 200, 1)        0         
_________________________________________________________________
zero_padding2d_1 (ZeroPaddin (None, 56, 206, 1)        0         
_________________________________________________________________
bn0 (BatchNormalization)     (None, 56, 206, 1)        824       
_________________________________________________________________
conv0 (Conv2D)               (None, 52, 202, 16)       416       
_________________________________________________________________
activation_1 (Activation)    (None, 52, 202, 16)       0         
_________________________________________________________________
max_pool0 (MaxPooling2D)     (None, 26, 101, 16)       0         
_________________________________________________________________
conv1 (Conv2D)               (None, 24, 99, 32)        4640      
_________________________________________________________________
activation_2 (Activation)    (None, 24, 99, 32)        0         
_________________________________________________________________
max_pool1 (MaxPooling2D)     (None, 12, 49, 32)        0         
_________________________________________________________________
dropout_1 (Dropout)          (None, 12, 49, 32)        0         
_________________________________________________________________
conv2 (Conv2D)               (None, 10, 47, 64)        18496     
_________________________________________________________________
activation_3 (Activation)    (None, 10, 47, 64)        0         
_________________________________________________________________
max_pool2 (MaxPooling2D)     (None, 5, 23, 64)         0         
_________________________________________________________________
dropout_2 (Dropout)          (None, 5, 23, 64)         0         
_________________________________________________________________
flatten_1 (Flatten)          (None, 7360)              0         
_________________________________________________________________
fc0 (Dense)                  (None, 2000)              14722000  
_________________________________________________________________
softmax (Dense)              (None, 781)               1562781   
=================================================================
Total params: 16,309,157
Trainable params: 16,308,745
Non-trainable params: 412
_________________________________________________________________
Train on 16815 samples, validate on 1869 samples
Epoch 1/100

 2048/16815 [==>...........................] - ETA: 2:43 - loss: 6.9036 - acc: 0.0000e+00
 4096/16815 [======>.......................] - ETA: 2:18 - loss: 6.7790 - acc: 0.0076    
 6144/16815 [=========>....................] - ETA: 1:55 - loss: 6.6723 - acc: 0.0124
 8192/16815 [=============>................] - ETA: 1:32 - loss: 6.6028 - acc: 0.0145
10240/16815 [=================>............] - ETA: 1:10 - loss: 6.5545 - acc: 0.0151
12288/16815 [====================>.........] - ETA: 48s - loss: 6.5115 - acc: 0.0153 
14336/16815 [========================>.....] - ETA: 26s - loss: 6.4826 - acc: 0.0149
16384/16815 [============================>.] - ETA: 4s - loss: 6.4540 - acc: 0.0154 
16815/16815 [==============================] - 187s 11ms/step - loss: 6.4489 - acc: 0.0153 - val_loss: 6.3767 - val_acc: 0.0027
Epoch 2/100

 2048/16815 [==>...........................] - ETA: 2:38 - loss: 6.2126 - acc: 0.0234
 4096/16815 [======>.......................] - ETA: 2:16 - loss: 6.1923 - acc: 0.0225
 6144/16815 [=========>....................] - ETA: 1:54 - loss: 6.1916 - acc: 0.0213
 8192/16815 [=============>................] - ETA: 1:31 - loss: 6.1821 - acc: 0.0226
10240/16815 [=================>............] - ETA: 1:10 - loss: 6.1773 - acc: 0.0218
12288/16815 [====================>.........] - ETA: 48s - loss: 6.1714 - acc: 0.0222 
14336/16815 [========================>.....] - ETA: 26s - loss: 6.1708 - acc: 0.0220
16384/16815 [============================>.] - ETA: 4s - loss: 6.1675 - acc: 0.0223 
16815/16815 [==============================] - 187s 11ms/step - loss: 6.1670 - acc: 0.0222 - val_loss: 6.3471 - val_acc: 0.0064
Epoch 3/100

 2048/16815 [==>...........................] - ETA: 2:37 - loss: 6.1052 - acc: 0.0259
 4096/16815 [======>.......................] - ETA: 2:16 - loss: 6.1288 - acc: 0.0234
 6144/16815 [=========>....................] - ETA: 1:53 - loss: 6.1315 - acc: 0.0254
 8192/16815 [=============>................] - ETA: 1:32 - loss: 6.1226 - acc: 0.0251
10240/16815 [=================>............] - ETA: 1:10 - loss: 6.1258 - acc: 0.0254
12288/16815 [====================>.........] - ETA: 48s - loss: 6.1247 - acc: 0.0251 
14336/16815 [========================>.....] - ETA: 26s - loss: 6.1180 - acc: 0.0250
16384/16815 [============================>.] - ETA: 4s - loss: 6.1186 - acc: 0.0249 
16815/16815 [==============================] - 187s 11ms/step - loss: 6.1166 - acc: 0.0249 - val_loss: 6.3373 - val_acc: 0.0075
Epoch 4/100

 2048/16815 [==>...........................] - ETA: 2:37 - loss: 6.0417 - acc: 0.0283
 4096/16815 [======>.......................] - ETA: 2:15 - loss: 6.0617 - acc: 0.0286
 6144/16815 [=========>....................] - ETA: 1:53 - loss: 6.0731 - acc: 0.0285
 8192/16815 [=============>................] - ETA: 1:31 - loss: 6.0801 - acc: 0.0271
10240/16815 [=================>............] - ETA: 1:10 - loss: 6.0823 - acc: 0.0271
12288/16815 [====================>.........] - ETA: 48s - loss: 6.0887 - acc: 0.0256 
14336/16815 [========================>.....] - ETA: 26s - loss: 6.0928 - acc: 0.0253
16384/16815 [============================>.] - ETA: 4s - loss: 6.0906 - acc: 0.0258 
16815/16815 [==============================] - 187s 11ms/step - loss: 6.0912 - acc: 0.0259 - val_loss: 6.3336 - val_acc: 0.0096
Epoch 5/100

 2048/16815 [==>...........................] - ETA: 2:37 - loss: 6.0714 - acc: 0.0234
 4096/16815 [======>.......................] - ETA: 2:16 - loss: 6.0866 - acc: 0.0242
 6144/16815 [=========>....................] - ETA: 1:54 - loss: 6.0686 - acc: 0.0254
 8192/16815 [=============>................] - ETA: 1:32 - loss: 6.0681 - acc: 0.0258
10240/16815 [=================>............] - ETA: 1:10 - loss: 6.0680 - acc: 0.0263
12288/16815 [====================>.........] - ETA: 48s - loss: 6.0710 - acc: 0.0260 
14336/16815 [========================>.....] - ETA: 26s - loss: 6.0738 - acc: 0.0257
16384/16815 [============================>.] - ETA: 4s - loss: 6.0721 - acc: 0.0262 
16815/16815 [==============================] - 187s 11ms/step - loss: 6.0727 - acc: 0.0263 - val_loss: 6.3351 - val_acc: 0.0064
Epoch 6/100

 2048/16815 [==>...........................] - ETA: 2:37 - loss: 6.0759 - acc: 0.0254
 4096/16815 [======>.......................] - ETA: 2:15 - loss: 6.0618 - acc: 0.0251
 6144/16815 [=========>....................] - ETA: 1:53 - loss: 6.0564 - acc: 0.0257
 8192/16815 [=============>................] - ETA: 1:31 - loss: 6.0540 - acc: 0.0271
10240/16815 [=================>............] - ETA: 1:10 - loss: 6.0586 - acc: 0.0270
12288/16815 [====================>.........] - ETA: 48s - loss: 6.0628 - acc: 0.0260 
14336/16815 [========================>.....] - ETA: 26s - loss: 6.0658 - acc: 0.0259
16384/16815 [============================>.] - ETA: 4s - loss: 6.0653 - acc: 0.0262 
16815/16815 [==============================] - 187s 11ms/step - loss: 6.0658 - acc: 0.0262 - val_loss: 6.3351 - val_acc: 0.0107
Epoch 7/100

 2048/16815 [==>...........................] - ETA: 2:37 - loss: 6.0488 - acc: 0.0312
 4096/16815 [======>.......................] - ETA: 2:15 - loss: 6.0582 - acc: 0.0276
 6144/16815 [=========>....................] - ETA: 1:53 - loss: 6.0480 - acc: 0.0278
 8192/16815 [=============>................] - ETA: 1:31 - loss: 6.0518 - acc: 0.0272
10240/16815 [=================>............] - ETA: 1:09 - loss: 6.0578 - acc: 0.0272
12288/16815 [====================>.........] - ETA: 48s - loss: 6.0580 - acc: 0.0273 
14336/16815 [========================>.....] - ETA: 26s - loss: 6.0554 - acc: 0.0269
16384/16815 [============================>.] - ETA: 4s - loss: 6.0548 - acc: 0.0272 
16815/16815 [==============================] - 186s 11ms/step - loss: 6.0550 - acc: 0.0273 - val_loss: 6.3329 - val_acc: 0.0086
Epoch 8/100

 2048/16815 [==>...........................] - ETA: 2:37 - loss: 6.0296 - acc: 0.0254
 4096/16815 [======>.......................] - ETA: 2:15 - loss: 6.0374 - acc: 0.0288
 6144/16815 [=========>....................] - ETA: 1:53 - loss: 6.0352 - acc: 0.0285
 8192/16815 [=============>................] - ETA: 1:31 - loss: 6.0214 - acc: 0.0305
10240/16815 [=================>............] - ETA: 1:10 - loss: 6.0266 - acc: 0.0313
12288/16815 [====================>.........] - ETA: 48s - loss: 6.0339 - acc: 0.0312 
14336/16815 [========================>.....] - ETA: 26s - loss: 6.0364 - acc: 0.0304
16384/16815 [============================>.] - ETA: 4s - loss: 6.0454 - acc: 0.0296 
16815/16815 [==============================] - 186s 11ms/step - loss: 6.0458 - acc: 0.0296 - val_loss: 6.3312 - val_acc: 0.0091
Epoch 9/100

 2048/16815 [==>...........................] - ETA: 2:36 - loss: 6.0433 - acc: 0.0259
 4096/16815 [======>.......................] - ETA: 2:15 - loss: 6.0506 - acc: 0.0288
 6144/16815 [=========>....................] - ETA: 1:53 - loss: 6.0378 - acc: 0.0285
 8192/16815 [=============>................] - ETA: 1:31 - loss: 6.0428 - acc: 0.0306
10240/16815 [=================>............] - ETA: 1:09 - loss: 6.0430 - acc: 0.0310
12288/16815 [====================>.........] - ETA: 48s - loss: 6.0465 - acc: 0.0313 
14336/16815 [========================>.....] - ETA: 26s - loss: 6.0440 - acc: 0.0309
16384/16815 [============================>.] - ETA: 4s - loss: 6.0434 - acc: 0.0312 
16815/16815 [==============================] - 187s 11ms/step - loss: 6.0428 - acc: 0.0309 - val_loss: 6.3268 - val_acc: 0.0070
Epoch 10/100

 2048/16815 [==>...........................] - ETA: 2:38 - loss: 6.0275 - acc: 0.0234
 4096/16815 [======>.......................] - ETA: 2:15 - loss: 6.0086 - acc: 0.0278
 6144/16815 [=========>....................] - ETA: 1:53 - loss: 6.0149 - acc: 0.0273
 8192/16815 [=============>................] - ETA: 1:31 - loss: 6.0179 - acc: 0.0278
10240/16815 [=================>............] - ETA: 1:09 - loss: 6.0244 - acc: 0.0274
12288/16815 [====================>.........] - ETA: 48s - loss: 6.0278 - acc: 0.0282 
14336/16815 [========================>.....] - ETA: 26s - loss: 6.0360 - acc: 0.0277
16384/16815 [============================>.] - ETA: 4s - loss: 6.0312 - acc: 0.0282 
16815/16815 [==============================] - 187s 11ms/step - loss: 6.0308 - acc: 0.0287 - val_loss: 6.3260 - val_acc: 0.0096
Epoch 11/100

 2048/16815 [==>...........................] - ETA: 2:38 - loss: 6.0267 - acc: 0.0327
 4096/16815 [======>.......................] - ETA: 2:15 - loss: 6.0442 - acc: 0.0320
 6144/16815 [=========>....................] - ETA: 1:53 - loss: 6.0324 - acc: 0.0317
 8192/16815 [=============>................] - ETA: 1:31 - loss: 6.0287 - acc: 0.0303
10240/16815 [=================>............] - ETA: 1:09 - loss: 6.0273 - acc: 0.0294
12288/16815 [====================>.........] - ETA: 48s - loss: 6.0318 - acc: 0.0295 
14336/16815 [========================>.....] - ETA: 26s - loss: 6.0282 - acc: 0.0297
16384/16815 [============================>.] - ETA: 4s - loss: 6.0264 - acc: 0.0302 
16815/16815 [==============================] - 186s 11ms/step - loss: 6.0253 - acc: 0.0304 - val_loss: 6.3230 - val_acc: 0.0102
Epoch 12/100

 2048/16815 [==>...........................] - ETA: 2:36 - loss: 6.0007 - acc: 0.0376
 4096/16815 [======>.......................] - ETA: 2:14 - loss: 6.0073 - acc: 0.0330
 6144/16815 [=========>....................] - ETA: 1:53 - loss: 6.0119 - acc: 0.0322
 8192/16815 [=============>................] - ETA: 1:31 - loss: 6.0051 - acc: 0.0327
10240/16815 [=================>............] - ETA: 1:09 - loss: 6.0052 - acc: 0.0317
12288/16815 [====================>.........] - ETA: 48s - loss: 6.0153 - acc: 0.0316 
14336/16815 [========================>.....] - ETA: 26s - loss: 6.0160 - acc: 0.0321
16384/16815 [============================>.] - ETA: 4s - loss: 6.0133 - acc: 0.0325 
16815/16815 [==============================] - 186s 11ms/step - loss: 6.0155 - acc: 0.0321 - val_loss: 6.3153 - val_acc: 0.0112
Epoch 13/100

 2048/16815 [==>...........................] - ETA: 2:35 - loss: 5.9812 - acc: 0.0376
 4096/16815 [======>.......................] - ETA: 2:14 - loss: 5.9979 - acc: 0.0330
 6144/16815 [=========>....................] - ETA: 1:53 - loss: 5.9884 - acc: 0.0326
 8192/16815 [=============>................] - ETA: 1:31 - loss: 5.9942 - acc: 0.0315
10240/16815 [=================>............] - ETA: 1:09 - loss: 6.0000 - acc: 0.0312
12288/16815 [====================>.........] - ETA: 48s - loss: 5.9978 - acc: 0.0327 
14336/16815 [========================>.....] - ETA: 26s - loss: 6.0048 - acc: 0.0324
16384/16815 [============================>.] - ETA: 4s - loss: 6.0066 - acc: 0.0320 
16815/16815 [==============================] - 186s 11ms/step - loss: 6.0081 - acc: 0.0322 - val_loss: 6.3146 - val_acc: 0.0112
Epoch 14/100

 2048/16815 [==>...........................] - ETA: 2:37 - loss: 5.9967 - acc: 0.0327
 4096/16815 [======>.......................] - ETA: 2:15 - loss: 5.9750 - acc: 0.0376
 6144/16815 [=========>....................] - ETA: 1:53 - loss: 5.9843 - acc: 0.0371
 8192/16815 [=============>................] - ETA: 1:31 - loss: 5.9931 - acc: 0.0365
10240/16815 [=================>............] - ETA: 1:10 - loss: 5.9902 - acc: 0.0359
12288/16815 [====================>.........] - ETA: 48s - loss: 5.9970 - acc: 0.0339 
14336/16815 [========================>.....] - ETA: 26s - loss: 5.9980 - acc: 0.0335
16384/16815 [============================>.] - ETA: 4s - loss: 5.9959 - acc: 0.0333 
16815/16815 [==============================] - 187s 11ms/step - loss: 5.9979 - acc: 0.0332 - val_loss: 6.3102 - val_acc: 0.0128
Epoch 15/100

 2048/16815 [==>...........................] - ETA: 2:37 - loss: 5.9383 - acc: 0.0420
 4096/16815 [======>.......................] - ETA: 2:15 - loss: 5.9618 - acc: 0.0391
 6144/16815 [=========>....................] - ETA: 1:53 - loss: 5.9689 - acc: 0.0386
 8192/16815 [=============>................] - ETA: 1:31 - loss: 5.9817 - acc: 0.0358
10240/16815 [=================>............] - ETA: 1:09 - loss: 5.9859 - acc: 0.0355
12288/16815 [====================>.........] - ETA: 48s - loss: 5.9938 - acc: 0.0347 
14336/16815 [========================>.....] - ETA: 26s - loss: 5.9926 - acc: 0.0347
16384/16815 [============================>.] - ETA: 4s - loss: 5.9944 - acc: 0.0340 
16815/16815 [==============================] - 186s 11ms/step - loss: 5.9951 - acc: 0.0338 - val_loss: 6.3033 - val_acc: 0.0107
Epoch 16/100

 2048/16815 [==>...........................] - ETA: 2:36 - loss: 5.9909 - acc: 0.0405
 4096/16815 [======>.......................] - ETA: 2:15 - loss: 5.9869 - acc: 0.0342
 6144/16815 [=========>....................] - ETA: 1:53 - loss: 5.9855 - acc: 0.0332
 8192/16815 [=============>................] - ETA: 1:31 - loss: 5.9803 - acc: 0.0343
10240/16815 [=================>............] - ETA: 1:09 - loss: 5.9849 - acc: 0.0336
12288/16815 [====================>.........] - ETA: 48s - loss: 5.9873 - acc: 0.0337 
14336/16815 [========================>.....] - ETA: 26s - loss: 5.9857 - acc: 0.0334
16384/16815 [============================>.] - ETA: 4s - loss: 5.9854 - acc: 0.0336 
16815/16815 [==============================] - 186s 11ms/step - loss: 5.9882 - acc: 0.0334 - val_loss: 6.2955 - val_acc: 0.0128
Epoch 17/100

 2048/16815 [==>...........................] - ETA: 2:38 - loss: 5.9990 - acc: 0.0298
 4096/16815 [======>.......................] - ETA: 2:15 - loss: 5.9682 - acc: 0.0361
 6144/16815 [=========>....................] - ETA: 1:53 - loss: 5.9854 - acc: 0.0335
 8192/16815 [=============>................] - ETA: 1:31 - loss: 5.9784 - acc: 0.0347
10240/16815 [=================>............] - ETA: 1:10 - loss: 5.9799 - acc: 0.0344
12288/16815 [====================>.........] - ETA: 48s - loss: 5.9766 - acc: 0.0348 
14336/16815 [========================>.....] - ETA: 26s - loss: 5.9767 - acc: 0.0358
16384/16815 [============================>.] - ETA: 4s - loss: 5.9762 - acc: 0.0346 
16815/16815 [==============================] - 186s 11ms/step - loss: 5.9751 - acc: 0.0346 - val_loss: 6.2837 - val_acc: 0.0161
Epoch 18/100

 2048/16815 [==>...........................] - ETA: 2:37 - loss: 5.9415 - acc: 0.0405
 4096/16815 [======>.......................] - ETA: 2:15 - loss: 5.9663 - acc: 0.0359
 6144/16815 [=========>....................] - ETA: 1:53 - loss: 5.9595 - acc: 0.0374
 8192/16815 [=============>................] - ETA: 1:31 - loss: 5.9527 - acc: 0.0382
10240/16815 [=================>............] - ETA: 1:09 - loss: 5.9596 - acc: 0.0371
12288/16815 [====================>.........] - ETA: 48s - loss: 5.9542 - acc: 0.0373 
14336/16815 [========================>.....] - ETA: 26s - loss: 5.9586 - acc: 0.0375
16384/16815 [============================>.] - ETA: 4s - loss: 5.9616 - acc: 0.0367 
16815/16815 [==============================] - 186s 11ms/step - loss: 5.9618 - acc: 0.0366 - val_loss: 6.2755 - val_acc: 0.0171
Epoch 19/100

 2048/16815 [==>...........................] - ETA: 2:36 - loss: 5.9869 - acc: 0.0317
 4096/16815 [======>.......................] - ETA: 2:14 - loss: 5.9836 - acc: 0.0344
 6144/16815 [=========>....................] - ETA: 1:53 - loss: 5.9698 - acc: 0.0353
 8192/16815 [=============>................] - ETA: 1:31 - loss: 5.9720 - acc: 0.0367
10240/16815 [=================>............] - ETA: 1:09 - loss: 5.9602 - acc: 0.0376
12288/16815 [====================>.........] - ETA: 48s - loss: 5.9609 - acc: 0.0372 
14336/16815 [========================>.....] - ETA: 26s - loss: 5.9582 - acc: 0.0372
16384/16815 [============================>.] - ETA: 4s - loss: 5.9550 - acc: 0.0380 
16815/16815 [==============================] - 186s 11ms/step - loss: 5.9548 - acc: 0.0378 - val_loss: 6.2694 - val_acc: 0.0193
Epoch 20/100

 2048/16815 [==>...........................] - ETA: 2:36 - loss: 6.0161 - acc: 0.0322
 4096/16815 [======>.......................] - ETA: 2:14 - loss: 5.9431 - acc: 0.0366
 6144/16815 [=========>....................] - ETA: 1:53 - loss: 5.9425 - acc: 0.0376
 8192/16815 [=============>................] - ETA: 1:31 - loss: 5.9448 - acc: 0.0364
10240/16815 [=================>............] - ETA: 1:09 - loss: 5.9407 - acc: 0.0376
12288/16815 [====================>.........] - ETA: 47s - loss: 5.9366 - acc: 0.0386 
14336/16815 [========================>.....] - ETA: 26s - loss: 5.9427 - acc: 0.0384
16384/16815 [============================>.] - ETA: 4s - loss: 5.9447 - acc: 0.0381 
16815/16815 [==============================] - 186s 11ms/step - loss: 5.9437 - acc: 0.0381 - val_loss: 6.2559 - val_acc: 0.0219
Epoch 21/100

 2048/16815 [==>...........................] - ETA: 2:36 - loss: 5.9529 - acc: 0.0308
 4096/16815 [======>.......................] - ETA: 2:14 - loss: 5.9393 - acc: 0.0374
 6144/16815 [=========>....................] - ETA: 1:52 - loss: 5.9436 - acc: 0.0373
 8192/16815 [=============>................] - ETA: 1:30 - loss: 5.9433 - acc: 0.0385
10240/16815 [=================>............] - ETA: 1:09 - loss: 5.9376 - acc: 0.0390
12288/16815 [====================>.........] - ETA: 47s - loss: 5.9326 - acc: 0.0405 
14336/16815 [========================>.....] - ETA: 26s - loss: 5.9306 - acc: 0.0405
16384/16815 [============================>.] - ETA: 4s - loss: 5.9271 - acc: 0.0414 
16815/16815 [==============================] - 186s 11ms/step - loss: 5.9270 - acc: 0.0416 - val_loss: 6.2376 - val_acc: 0.0214
Epoch 22/100

 2048/16815 [==>...........................] - ETA: 2:35 - loss: 5.9274 - acc: 0.0396
 4096/16815 [======>.......................] - ETA: 2:15 - loss: 5.9097 - acc: 0.0398
 6144/16815 [=========>....................] - ETA: 1:53 - loss: 5.9249 - acc: 0.0392
 8192/16815 [=============>................] - ETA: 1:31 - loss: 5.9137 - acc: 0.0406
10240/16815 [=================>............] - ETA: 1:10 - loss: 5.9156 - acc: 0.0393
12288/16815 [====================>.........] - ETA: 48s - loss: 5.9182 - acc: 0.0386 
14336/16815 [========================>.....] - ETA: 26s - loss: 5.9215 - acc: 0.0388
16384/16815 [============================>.] - ETA: 4s - loss: 5.9129 - acc: 0.0406 
16815/16815 [==============================] - 187s 11ms/step - loss: 5.9136 - acc: 0.0403 - val_loss: 6.2344 - val_acc: 0.0251
Epoch 23/100

 2048/16815 [==>...........................] - ETA: 2:36 - loss: 5.9546 - acc: 0.0361
 4096/16815 [======>.......................] - ETA: 2:15 - loss: 5.9414 - acc: 0.0410
 6144/16815 [=========>....................] - ETA: 1:53 - loss: 5.9179 - acc: 0.0430
 8192/16815 [=============>................] - ETA: 1:31 - loss: 5.9094 - acc: 0.0432
10240/16815 [=================>............] - ETA: 1:09 - loss: 5.9050 - acc: 0.0424
12288/16815 [====================>.........] - ETA: 47s - loss: 5.9005 - acc: 0.0415 
14336/16815 [========================>.....] - ETA: 26s - loss: 5.9020 - acc: 0.0412
16384/16815 [============================>.] - ETA: 4s - loss: 5.8990 - acc: 0.0415 
16815/16815 [==============================] - 186s 11ms/step - loss: 5.8991 - acc: 0.0414 - val_loss: 6.2080 - val_acc: 0.0219
Epoch 24/100

 2048/16815 [==>...........................] - ETA: 2:37 - loss: 5.8976 - acc: 0.0386
 4096/16815 [======>.......................] - ETA: 2:15 - loss: 5.8878 - acc: 0.0408
 6144/16815 [=========>....................] - ETA: 1:53 - loss: 5.8773 - acc: 0.0405
 8192/16815 [=============>................] - ETA: 1:31 - loss: 5.8856 - acc: 0.0415
10240/16815 [=================>............] - ETA: 1:09 - loss: 5.8915 - acc: 0.0411
12288/16815 [====================>.........] - ETA: 48s - loss: 5.8901 - acc: 0.0413 
14336/16815 [========================>.....] - ETA: 26s - loss: 5.8849 - acc: 0.0414
16384/16815 [============================>.] - ETA: 4s - loss: 5.8820 - acc: 0.0422 
16815/16815 [==============================] - 186s 11ms/step - loss: 5.8793 - acc: 0.0425 - val_loss: 6.1999 - val_acc: 0.0219
Epoch 25/100

 2048/16815 [==>...........................] - ETA: 2:36 - loss: 5.8331 - acc: 0.0508
 4096/16815 [======>.......................] - ETA: 2:15 - loss: 5.8395 - acc: 0.0439
 6144/16815 [=========>....................] - ETA: 1:53 - loss: 5.8496 - acc: 0.0433
 8192/16815 [=============>................] - ETA: 1:31 - loss: 5.8503 - acc: 0.0453
10240/16815 [=================>............] - ETA: 1:09 - loss: 5.8536 - acc: 0.0436
12288/16815 [====================>.........] - ETA: 48s - loss: 5.8548 - acc: 0.0446 
14336/16815 [========================>.....] - ETA: 26s - loss: 5.8588 - acc: 0.0440
16384/16815 [============================>.] - ETA: 4s - loss: 5.8541 - acc: 0.0444 
16815/16815 [==============================] - 186s 11ms/step - loss: 5.8571 - acc: 0.0441 - val_loss: 6.1797 - val_acc: 0.0268
Epoch 26/100

 2048/16815 [==>...........................] - ETA: 2:38 - loss: 5.8592 - acc: 0.0410
 4096/16815 [======>.......................] - ETA: 2:16 - loss: 5.8261 - acc: 0.0430
 6144/16815 [=========>....................] - ETA: 1:53 - loss: 5.8220 - acc: 0.0435
 8192/16815 [=============>................] - ETA: 1:31 - loss: 5.8322 - acc: 0.0436
10240/16815 [=================>............] - ETA: 1:09 - loss: 5.8312 - acc: 0.0431
12288/16815 [====================>.........] - ETA: 48s - loss: 5.8254 - acc: 0.0450 
14336/16815 [========================>.....] - ETA: 26s - loss: 5.8269 - acc: 0.0449
16384/16815 [============================>.] - ETA: 4s - loss: 5.8353 - acc: 0.0446 
16815/16815 [==============================] - 186s 11ms/step - loss: 5.8347 - acc: 0.0445 - val_loss: 6.1675 - val_acc: 0.0214
Epoch 27/100

 2048/16815 [==>...........................] - ETA: 2:36 - loss: 5.7577 - acc: 0.0527
 4096/16815 [======>.......................] - ETA: 2:14 - loss: 5.7732 - acc: 0.0457
 6144/16815 [=========>....................] - ETA: 1:53 - loss: 5.7859 - acc: 0.0467
 8192/16815 [=============>................] - ETA: 1:31 - loss: 5.7888 - acc: 0.0475
10240/16815 [=================>............] - ETA: 1:09 - loss: 5.7920 - acc: 0.0469
12288/16815 [====================>.........] - ETA: 48s - loss: 5.7940 - acc: 0.0477 
14336/16815 [========================>.....] - ETA: 26s - loss: 5.7951 - acc: 0.0476
16384/16815 [============================>.] - ETA: 4s - loss: 5.8029 - acc: 0.0467 
16815/16815 [==============================] - 186s 11ms/step - loss: 5.8003 - acc: 0.0473 - val_loss: 6.1370 - val_acc: 0.0209
Epoch 28/100

 2048/16815 [==>...........................] - ETA: 2:36 - loss: 5.7919 - acc: 0.0493
 4096/16815 [======>.......................] - ETA: 2:15 - loss: 5.7827 - acc: 0.0469
 6144/16815 [=========>....................] - ETA: 1:53 - loss: 5.7849 - acc: 0.0470
 8192/16815 [=============>................] - ETA: 1:31 - loss: 5.7970 - acc: 0.0452
10240/16815 [=================>............] - ETA: 1:09 - loss: 5.7827 - acc: 0.0472
12288/16815 [====================>.........] - ETA: 48s - loss: 5.7829 - acc: 0.0472 
14336/16815 [========================>.....] - ETA: 26s - loss: 5.7737 - acc: 0.0482
16384/16815 [============================>.] - ETA: 4s - loss: 5.7705 - acc: 0.0487 
16815/16815 [==============================] - 186s 11ms/step - loss: 5.7724 - acc: 0.0483 - val_loss: 6.1187 - val_acc: 0.0257
Epoch 29/100

 2048/16815 [==>...........................] - ETA: 2:36 - loss: 5.7090 - acc: 0.0488
 4096/16815 [======>.......................] - ETA: 2:14 - loss: 5.7398 - acc: 0.0476
 6144/16815 [=========>....................] - ETA: 1:53 - loss: 5.7226 - acc: 0.0503
 8192/16815 [=============>................] - ETA: 1:31 - loss: 5.7377 - acc: 0.0482
10240/16815 [=================>............] - ETA: 1:09 - loss: 5.7476 - acc: 0.0473
12288/16815 [====================>.........] - ETA: 48s - loss: 5.7394 - acc: 0.0474 
14336/16815 [========================>.....] - ETA: 26s - loss: 5.7378 - acc: 0.0478
16384/16815 [============================>.] - ETA: 4s - loss: 5.7358 - acc: 0.0494 
16815/16815 [==============================] - 186s 11ms/step - loss: 5.7357 - acc: 0.0499 - val_loss: 6.1019 - val_acc: 0.0246
Epoch 30/100

 2048/16815 [==>...........................] - ETA: 2:36 - loss: 5.6926 - acc: 0.0605
 4096/16815 [======>.......................] - ETA: 2:14 - loss: 5.7164 - acc: 0.0540
 6144/16815 [=========>....................] - ETA: 1:53 - loss: 5.7147 - acc: 0.0519
 8192/16815 [=============>................] - ETA: 1:31 - loss: 5.7128 - acc: 0.0536
10240/16815 [=================>............] - ETA: 1:09 - loss: 5.6987 - acc: 0.0539
12288/16815 [====================>.........] - ETA: 48s - loss: 5.6972 - acc: 0.0533 
14336/16815 [========================>.....] - ETA: 26s - loss: 5.6998 - acc: 0.0532
16384/16815 [============================>.] - ETA: 4s - loss: 5.7012 - acc: 0.0530 
16815/16815 [==============================] - 187s 11ms/step - loss: 5.7003 - acc: 0.0530 - val_loss: 6.0678 - val_acc: 0.0316
Epoch 31/100

 2048/16815 [==>...........................] - ETA: 2:37 - loss: 5.7324 - acc: 0.0479
 4096/16815 [======>.......................] - ETA: 2:15 - loss: 5.6863 - acc: 0.0571
 6144/16815 [=========>....................] - ETA: 1:53 - loss: 5.6701 - acc: 0.0573
 8192/16815 [=============>................] - ETA: 1:31 - loss: 5.6725 - acc: 0.0537
10240/16815 [=================>............] - ETA: 1:10 - loss: 5.6624 - acc: 0.0563
12288/16815 [====================>.........] - ETA: 48s - loss: 5.6596 - acc: 0.0557 
14336/16815 [========================>.....] - ETA: 26s - loss: 5.6577 - acc: 0.0557
16384/16815 [============================>.] - ETA: 4s - loss: 5.6614 - acc: 0.0555 
16815/16815 [==============================] - 187s 11ms/step - loss: 5.6594 - acc: 0.0562 - val_loss: 6.0551 - val_acc: 0.0348
Epoch 32/100

 2048/16815 [==>...........................] - ETA: 2:37 - loss: 5.5909 - acc: 0.0610
 4096/16815 [======>.......................] - ETA: 2:15 - loss: 5.5966 - acc: 0.0586
 6144/16815 [=========>....................] - ETA: 1:53 - loss: 5.6231 - acc: 0.0575
 8192/16815 [=============>................] - ETA: 1:31 - loss: 5.6290 - acc: 0.0573
10240/16815 [=================>............] - ETA: 1:09 - loss: 5.6238 - acc: 0.0565
12288/16815 [====================>.........] - ETA: 48s - loss: 5.6163 - acc: 0.0577 
14336/16815 [========================>.....] - ETA: 26s - loss: 5.6137 - acc: 0.0568
16384/16815 [============================>.] - ETA: 4s - loss: 5.6179 - acc: 0.0560 
16815/16815 [==============================] - 187s 11ms/step - loss: 5.6163 - acc: 0.0563 - val_loss: 6.0229 - val_acc: 0.0423
Epoch 33/100

 2048/16815 [==>...........................] - ETA: 2:36 - loss: 5.5675 - acc: 0.0635
 4096/16815 [======>.......................] - ETA: 2:14 - loss: 5.5692 - acc: 0.0596
 6144/16815 [=========>....................] - ETA: 1:53 - loss: 5.5654 - acc: 0.0591
 8192/16815 [=============>................] - ETA: 1:31 - loss: 5.5702 - acc: 0.0588
10240/16815 [=================>............] - ETA: 1:09 - loss: 5.5683 - acc: 0.0589
12288/16815 [====================>.........] - ETA: 48s - loss: 5.5678 - acc: 0.0605 
14336/16815 [========================>.....] - ETA: 26s - loss: 5.5622 - acc: 0.0617
16384/16815 [============================>.] - ETA: 4s - loss: 5.5572 - acc: 0.0615 
16815/16815 [==============================] - 186s 11ms/step - loss: 5.5616 - acc: 0.0610 - val_loss: 6.0036 - val_acc: 0.0353
Epoch 34/100

 2048/16815 [==>...........................] - ETA: 2:35 - loss: 5.5119 - acc: 0.0640
 4096/16815 [======>.......................] - ETA: 2:14 - loss: 5.5116 - acc: 0.0642
 6144/16815 [=========>....................] - ETA: 1:52 - loss: 5.4997 - acc: 0.0653
 8192/16815 [=============>................] - ETA: 1:31 - loss: 5.5046 - acc: 0.0638
10240/16815 [=================>............] - ETA: 1:09 - loss: 5.5152 - acc: 0.0641
12288/16815 [====================>.........] - ETA: 47s - loss: 5.5156 - acc: 0.0649 
14336/16815 [========================>.....] - ETA: 26s - loss: 5.5150 - acc: 0.0640
16384/16815 [============================>.] - ETA: 4s - loss: 5.5110 - acc: 0.0656 
16815/16815 [==============================] - 186s 11ms/step - loss: 5.5100 - acc: 0.0662 - val_loss: 5.9804 - val_acc: 0.0428
Epoch 35/100

 2048/16815 [==>...........................] - ETA: 2:36 - loss: 5.4214 - acc: 0.0742
 4096/16815 [======>.......................] - ETA: 2:15 - loss: 5.4246 - acc: 0.0669
 6144/16815 [=========>....................] - ETA: 1:53 - loss: 5.4583 - acc: 0.0664
 8192/16815 [=============>................] - ETA: 1:31 - loss: 5.4654 - acc: 0.0657
10240/16815 [=================>............] - ETA: 1:09 - loss: 5.4675 - acc: 0.0657
12288/16815 [====================>.........] - ETA: 48s - loss: 5.4634 - acc: 0.0667 
14336/16815 [========================>.....] - ETA: 26s - loss: 5.4657 - acc: 0.0676
16384/16815 [============================>.] - ETA: 4s - loss: 5.4576 - acc: 0.0677 
16815/16815 [==============================] - 186s 11ms/step - loss: 5.4573 - acc: 0.0679 - val_loss: 5.9554 - val_acc: 0.0449
Epoch 36/100

 2048/16815 [==>...........................] - ETA: 2:37 - loss: 5.4042 - acc: 0.0737
 4096/16815 [======>.......................] - ETA: 2:15 - loss: 5.4199 - acc: 0.0688
 6144/16815 [=========>....................] - ETA: 1:53 - loss: 5.4174 - acc: 0.0684
 8192/16815 [=============>................] - ETA: 1:31 - loss: 5.4043 - acc: 0.0725
10240/16815 [=================>............] - ETA: 1:10 - loss: 5.4021 - acc: 0.0720
12288/16815 [====================>.........] - ETA: 48s - loss: 5.3996 - acc: 0.0720 
14336/16815 [========================>.....] - ETA: 26s - loss: 5.4017 - acc: 0.0721
16384/16815 [============================>.] - ETA: 4s - loss: 5.4037 - acc: 0.0724 
16815/16815 [==============================] - 186s 11ms/step - loss: 5.4056 - acc: 0.0725 - val_loss: 5.9440 - val_acc: 0.0444
Epoch 37/100

 2048/16815 [==>...........................] - ETA: 2:37 - loss: 5.2965 - acc: 0.0776
 4096/16815 [======>.......................] - ETA: 2:15 - loss: 5.3295 - acc: 0.0771
 6144/16815 [=========>....................] - ETA: 1:53 - loss: 5.3263 - acc: 0.0771
 8192/16815 [=============>................] - ETA: 1:32 - loss: 5.3304 - acc: 0.0781
10240/16815 [=================>............] - ETA: 1:10 - loss: 5.3234 - acc: 0.0787
12288/16815 [====================>.........] - ETA: 48s - loss: 5.3404 - acc: 0.0756 
14336/16815 [========================>.....] - ETA: 26s - loss: 5.3457 - acc: 0.0751
16384/16815 [============================>.] - ETA: 4s - loss: 5.3535 - acc: 0.0748 
16815/16815 [==============================] - 187s 11ms/step - loss: 5.3581 - acc: 0.0740 - val_loss: 5.9314 - val_acc: 0.0487
Epoch 38/100

 2048/16815 [==>...........................] - ETA: 2:37 - loss: 5.3205 - acc: 0.0835
 4096/16815 [======>.......................] - ETA: 2:14 - loss: 5.3079 - acc: 0.0791
 6144/16815 [=========>....................] - ETA: 1:53 - loss: 5.3069 - acc: 0.0776
 8192/16815 [=============>................] - ETA: 1:31 - loss: 5.3158 - acc: 0.0767
10240/16815 [=================>............] - ETA: 1:09 - loss: 5.3173 - acc: 0.0792
12288/16815 [====================>.........] - ETA: 47s - loss: 5.3101 - acc: 0.0802 
14336/16815 [========================>.....] - ETA: 26s - loss: 5.3013 - acc: 0.0813
16384/16815 [============================>.] - ETA: 4s - loss: 5.3022 - acc: 0.0799 
16815/16815 [==============================] - 186s 11ms/step - loss: 5.3012 - acc: 0.0803 - val_loss: 5.9085 - val_acc: 0.0482
Epoch 39/100

 2048/16815 [==>...........................] - ETA: 2:36 - loss: 5.3005 - acc: 0.0693
 4096/16815 [======>.......................] - ETA: 2:14 - loss: 5.2927 - acc: 0.0747
 6144/16815 [=========>....................] - ETA: 1:53 - loss: 5.2724 - acc: 0.0775
 8192/16815 [=============>................] - ETA: 1:31 - loss: 5.2536 - acc: 0.0814
10240/16815 [=================>............] - ETA: 1:09 - loss: 5.2423 - acc: 0.0814
12288/16815 [====================>.........] - ETA: 48s - loss: 5.2419 - acc: 0.0824 
14336/16815 [========================>.....] - ETA: 26s - loss: 5.2437 - acc: 0.0818
16384/16815 [============================>.] - ETA: 4s - loss: 5.2457 - acc: 0.0812 
16815/16815 [==============================] - 186s 11ms/step - loss: 5.2456 - acc: 0.0812 - val_loss: 5.8825 - val_acc: 0.0498
Epoch 40/100

 2048/16815 [==>...........................] - ETA: 2:37 - loss: 5.2365 - acc: 0.0850
 4096/16815 [======>.......................] - ETA: 2:14 - loss: 5.1990 - acc: 0.0886
 6144/16815 [=========>....................] - ETA: 1:53 - loss: 5.1939 - acc: 0.0854
 8192/16815 [=============>................] - ETA: 1:31 - loss: 5.1901 - acc: 0.0864
10240/16815 [=================>............] - ETA: 1:09 - loss: 5.1858 - acc: 0.0854
12288/16815 [====================>.........] - ETA: 48s - loss: 5.1782 - acc: 0.0862 
14336/16815 [========================>.....] - ETA: 26s - loss: 5.1820 - acc: 0.0859
16384/16815 [============================>.] - ETA: 4s - loss: 5.1774 - acc: 0.0869 
16815/16815 [==============================] - 186s 11ms/step - loss: 5.1779 - acc: 0.0872 - val_loss: 5.8864 - val_acc: 0.0492
Epoch 41/100

 2048/16815 [==>...........................] - ETA: 2:37 - loss: 5.0575 - acc: 0.1001
 4096/16815 [======>.......................] - ETA: 2:16 - loss: 5.0799 - acc: 0.0967
 6144/16815 [=========>....................] - ETA: 1:54 - loss: 5.0917 - acc: 0.0944
 8192/16815 [=============>................] - ETA: 1:32 - loss: 5.0900 - acc: 0.0940
10240/16815 [=================>............] - ETA: 1:10 - loss: 5.0964 - acc: 0.0947
12288/16815 [====================>.........] - ETA: 48s - loss: 5.1041 - acc: 0.0940 
14336/16815 [========================>.....] - ETA: 26s - loss: 5.1121 - acc: 0.0940
16384/16815 [============================>.] - ETA: 4s - loss: 5.1151 - acc: 0.0929 
16815/16815 [==============================] - 187s 11ms/step - loss: 5.1145 - acc: 0.0933 - val_loss: 5.8826 - val_acc: 0.0514
Epoch 42/100

 2048/16815 [==>...........................] - ETA: 2:36 - loss: 5.0795 - acc: 0.0811
 4096/16815 [======>.......................] - ETA: 2:15 - loss: 5.0966 - acc: 0.0823
 6144/16815 [=========>....................] - ETA: 1:53 - loss: 5.0815 - acc: 0.0884
 8192/16815 [=============>................] - ETA: 1:31 - loss: 5.0721 - acc: 0.0886
10240/16815 [=================>............] - ETA: 1:09 - loss: 5.0650 - acc: 0.0916
12288/16815 [====================>.........] - ETA: 48s - loss: 5.0771 - acc: 0.0911 
14336/16815 [========================>.....] - ETA: 26s - loss: 5.0670 - acc: 0.0933
16384/16815 [============================>.] - ETA: 4s - loss: 5.0678 - acc: 0.0930 
16815/16815 [==============================] - 186s 11ms/step - loss: 5.0681 - acc: 0.0928 - val_loss: 5.8731 - val_acc: 0.0476
Epoch 43/100

 2048/16815 [==>...........................] - ETA: 2:36 - loss: 4.9774 - acc: 0.1064
 4096/16815 [======>.......................] - ETA: 2:14 - loss: 4.9787 - acc: 0.1062
 6144/16815 [=========>....................] - ETA: 1:53 - loss: 4.9890 - acc: 0.1038
 8192/16815 [=============>................] - ETA: 1:31 - loss: 4.9996 - acc: 0.1014
10240/16815 [=================>............] - ETA: 1:09 - loss: 5.0074 - acc: 0.1021
12288/16815 [====================>.........] - ETA: 47s - loss: 5.0207 - acc: 0.0998 
14336/16815 [========================>.....] - ETA: 26s - loss: 5.0049 - acc: 0.1009
16384/16815 [============================>.] - ETA: 4s - loss: 5.0012 - acc: 0.1020 
16815/16815 [==============================] - 185s 11ms/step - loss: 4.9988 - acc: 0.1019 - val_loss: 5.8713 - val_acc: 0.0492
Epoch 44/100

 2048/16815 [==>...........................] - ETA: 2:37 - loss: 4.8715 - acc: 0.1050
 4096/16815 [======>.......................] - ETA: 2:15 - loss: 4.9384 - acc: 0.0996
 6144/16815 [=========>....................] - ETA: 1:53 - loss: 4.9319 - acc: 0.0994
 8192/16815 [=============>................] - ETA: 1:31 - loss: 4.9266 - acc: 0.1001
10240/16815 [=================>............] - ETA: 1:09 - loss: 4.9283 - acc: 0.1021
12288/16815 [====================>.........] - ETA: 48s - loss: 4.9287 - acc: 0.1024 
14336/16815 [========================>.....] - ETA: 26s - loss: 4.9292 - acc: 0.1046
16384/16815 [============================>.] - ETA: 4s - loss: 4.9354 - acc: 0.1042 
16815/16815 [==============================] - 186s 11ms/step - loss: 4.9354 - acc: 0.1040 - val_loss: 5.8681 - val_acc: 0.0540
Epoch 45/100

 2048/16815 [==>...........................] - ETA: 2:37 - loss: 4.9025 - acc: 0.1138
 4096/16815 [======>.......................] - ETA: 2:15 - loss: 4.8998 - acc: 0.1162
 6144/16815 [=========>....................] - ETA: 1:53 - loss: 4.9054 - acc: 0.1125
 8192/16815 [=============>................] - ETA: 1:31 - loss: 4.8956 - acc: 0.1119
10240/16815 [=================>............] - ETA: 1:10 - loss: 4.8798 - acc: 0.1124
12288/16815 [====================>.........] - ETA: 48s - loss: 4.8823 - acc: 0.1108 
14336/16815 [========================>.....] - ETA: 26s - loss: 4.8770 - acc: 0.1102
16384/16815 [============================>.] - ETA: 4s - loss: 4.8796 - acc: 0.1097 
16815/16815 [==============================] - 186s 11ms/step - loss: 4.8821 - acc: 0.1101 - val_loss: 5.8494 - val_acc: 0.0524
Epoch 46/100

 2048/16815 [==>...........................] - ETA: 2:36 - loss: 4.8109 - acc: 0.1133
 4096/16815 [======>.......................] - ETA: 2:14 - loss: 4.8015 - acc: 0.1157
 6144/16815 [=========>....................] - ETA: 1:53 - loss: 4.7983 - acc: 0.1182
 8192/16815 [=============>................] - ETA: 1:31 - loss: 4.8024 - acc: 0.1160
10240/16815 [=================>............] - ETA: 1:09 - loss: 4.8221 - acc: 0.1142
12288/16815 [====================>.........] - ETA: 48s - loss: 4.8175 - acc: 0.1152 
14336/16815 [========================>.....] - ETA: 26s - loss: 4.8219 - acc: 0.1147
16384/16815 [============================>.] - ETA: 4s - loss: 4.8241 - acc: 0.1158 
16815/16815 [==============================] - 186s 11ms/step - loss: 4.8241 - acc: 0.1156 - val_loss: 5.8548 - val_acc: 0.0519
Epoch 47/100

 2048/16815 [==>...........................] - ETA: 2:37 - loss: 4.7809 - acc: 0.1167
 4096/16815 [======>.......................] - ETA: 2:15 - loss: 4.7495 - acc: 0.1213
 6144/16815 [=========>....................] - ETA: 1:53 - loss: 4.7562 - acc: 0.1219
 8192/16815 [=============>................] - ETA: 1:31 - loss: 4.7771 - acc: 0.1199
10240/16815 [=================>............] - ETA: 1:09 - loss: 4.7668 - acc: 0.1210
12288/16815 [====================>.........] - ETA: 48s - loss: 4.7705 - acc: 0.1204 
14336/16815 [========================>.....] - ETA: 26s - loss: 4.7636 - acc: 0.1206
16384/16815 [============================>.] - ETA: 4s - loss: 4.7641 - acc: 0.1196 
16815/16815 [==============================] - 186s 11ms/step - loss: 4.7667 - acc: 0.1195 - val_loss: 5.8584 - val_acc: 0.0578
Epoch 48/100

 2048/16815 [==>...........................] - ETA: 2:36 - loss: 4.6902 - acc: 0.1201
 4096/16815 [======>.......................] - ETA: 2:15 - loss: 4.6736 - acc: 0.1235
 6144/16815 [=========>....................] - ETA: 1:53 - loss: 4.6847 - acc: 0.1222
 8192/16815 [=============>................] - ETA: 1:31 - loss: 4.6946 - acc: 0.1254
10240/16815 [=================>............] - ETA: 1:09 - loss: 4.6874 - acc: 0.1270
12288/16815 [====================>.........] - ETA: 48s - loss: 4.6858 - acc: 0.1285 
14336/16815 [========================>.....] - ETA: 26s - loss: 4.6816 - acc: 0.1286
16384/16815 [============================>.] - ETA: 4s - loss: 4.6810 - acc: 0.1278 
16815/16815 [==============================] - 186s 11ms/step - loss: 4.6812 - acc: 0.1274 - val_loss: 5.8456 - val_acc: 0.0567
Epoch 49/100

 2048/16815 [==>...........................] - ETA: 2:36 - loss: 4.5631 - acc: 0.1221
 4096/16815 [======>.......................] - ETA: 2:15 - loss: 4.6055 - acc: 0.1245
 6144/16815 [=========>....................] - ETA: 1:53 - loss: 4.6053 - acc: 0.1266
 8192/16815 [=============>................] - ETA: 1:31 - loss: 4.6028 - acc: 0.1283
10240/16815 [=================>............] - ETA: 1:10 - loss: 4.6059 - acc: 0.1310
12288/16815 [====================>.........] - ETA: 48s - loss: 4.6131 - acc: 0.1322 
14336/16815 [========================>.....] - ETA: 26s - loss: 4.6154 - acc: 0.1317
16384/16815 [============================>.] - ETA: 4s - loss: 4.6252 - acc: 0.1312 
16815/16815 [==============================] - 186s 11ms/step - loss: 4.6242 - acc: 0.1313 - val_loss: 5.8964 - val_acc: 0.0562
Epoch 50/100

 2048/16815 [==>...........................] - ETA: 2:36 - loss: 4.5085 - acc: 0.1416
 4096/16815 [======>.......................] - ETA: 2:14 - loss: 4.5396 - acc: 0.1404
 6144/16815 [=========>....................] - ETA: 1:53 - loss: 4.5698 - acc: 0.1369
 8192/16815 [=============>................] - ETA: 1:31 - loss: 4.5719 - acc: 0.1355
10240/16815 [=================>............] - ETA: 1:09 - loss: 4.5799 - acc: 0.1334
12288/16815 [====================>.........] - ETA: 47s - loss: 4.5721 - acc: 0.1332 
14336/16815 [========================>.....] - ETA: 26s - loss: 4.5751 - acc: 0.1327
16384/16815 [============================>.] - ETA: 4s - loss: 4.5689 - acc: 0.1329 
16815/16815 [==============================] - 186s 11ms/step - loss: 4.5686 - acc: 0.1328 - val_loss: 5.8818 - val_acc: 0.0578
Epoch 51/100

 2048/16815 [==>...........................] - ETA: 2:35 - loss: 4.3878 - acc: 0.1636
 4096/16815 [======>.......................] - ETA: 2:14 - loss: 4.4458 - acc: 0.1541
 6144/16815 [=========>....................] - ETA: 1:53 - loss: 4.4338 - acc: 0.1543
 8192/16815 [=============>................] - ETA: 1:31 - loss: 4.4604 - acc: 0.1505
10240/16815 [=================>............] - ETA: 1:09 - loss: 4.4782 - acc: 0.1469
12288/16815 [====================>.........] - ETA: 47s - loss: 4.4974 - acc: 0.1437 
14336/16815 [========================>.....] - ETA: 26s - loss: 4.5019 - acc: 0.1426
16384/16815 [============================>.] - ETA: 4s - loss: 4.5073 - acc: 0.1415 
16815/16815 [==============================] - 186s 11ms/step - loss: 4.5061 - acc: 0.1416 - val_loss: 5.8911 - val_acc: 0.0594
Epoch 52/100

 2048/16815 [==>...........................] - ETA: 2:35 - loss: 4.4042 - acc: 0.1533
 4096/16815 [======>.......................] - ETA: 2:14 - loss: 4.4511 - acc: 0.1399
 6144/16815 [=========>....................] - ETA: 1:52 - loss: 4.4457 - acc: 0.1406
 8192/16815 [=============>................] - ETA: 1:31 - loss: 4.4598 - acc: 0.1384
10240/16815 [=================>............] - ETA: 1:09 - loss: 4.4644 - acc: 0.1395
12288/16815 [====================>.........] - ETA: 48s - loss: 4.4660 - acc: 0.1402 
14336/16815 [========================>.....] - ETA: 26s - loss: 4.4561 - acc: 0.1425
16384/16815 [============================>.] - ETA: 4s - loss: 4.4537 - acc: 0.1439 
16815/16815 [==============================] - 186s 11ms/step - loss: 4.4492 - acc: 0.1440 - val_loss: 5.8962 - val_acc: 0.0572
Epoch 53/100

 2048/16815 [==>...........................] - ETA: 2:37 - loss: 4.4085 - acc: 0.1479
 4096/16815 [======>.......................] - ETA: 2:15 - loss: 4.3819 - acc: 0.1550
 6144/16815 [=========>....................] - ETA: 1:53 - loss: 4.3953 - acc: 0.1512
 8192/16815 [=============>................] - ETA: 1:31 - loss: 4.4100 - acc: 0.1488
10240/16815 [=================>............] - ETA: 1:09 - loss: 4.4082 - acc: 0.1485
12288/16815 [====================>.........] - ETA: 48s - loss: 4.4005 - acc: 0.1498 
14336/16815 [========================>.....] - ETA: 26s - loss: 4.3962 - acc: 0.1517
16384/16815 [============================>.] - ETA: 4s - loss: 4.3988 - acc: 0.1529 
16815/16815 [==============================] - 187s 11ms/step - loss: 4.3989 - acc: 0.1529 - val_loss: 5.9015 - val_acc: 0.0589
Epoch 54/100

 2048/16815 [==>...........................] - ETA: 2:37 - loss: 4.3251 - acc: 0.1582